2019-12-03 10:26:54.522  INFO 57006 --- [main] c.ga.emailapi.EmailApiApplicationTests   : The following profiles are active: local
2019-12-03 10:26:56.026  INFO 57006 --- [main] o.s.cloud.context.scope.GenericScope     : BeanFactory id=369bfbea-e44c-36ea-9fb2-f565729ac823
2019-12-03 10:26:56.722  INFO 57006 --- [main] trationDelegate$BeanPostProcessorChecker : Bean 'org.springframework.cloud.autoconfigure.ConfigurationPropertiesRebinderAutoConfiguration' of type [org.springframework.cloud.autoconfigure.ConfigurationPropertiesRebinderAutoConfiguration$$EnhancerBySpringCGLIB$$905e07e9] is not eligible for getting processed by all BeanPostProcessors (for example: not eligible for auto-proxying)
2019-12-03 10:26:57.273  WARN 57006 --- [main] c.n.c.sources.URLConfigurationSource     : No URLs will be polled as dynamic configuration sources.
2019-12-03 10:26:57.275  INFO 57006 --- [main] c.n.c.sources.URLConfigurationSource     : To enable URLs as dynamic configuration sources, define System property archaius.configurationSource.additionalUrls or make config.properties available on classpath.
2019-12-03 10:26:57.299  WARN 57006 --- [main] c.n.c.sources.URLConfigurationSource     : No URLs will be polled as dynamic configuration sources.
2019-12-03 10:26:57.300  INFO 57006 --- [main] c.n.c.sources.URLConfigurationSource     : To enable URLs as dynamic configuration sources, define System property archaius.configurationSource.additionalUrls or make config.properties available on classpath.
2019-12-03 10:26:57.948  INFO 57006 --- [main] o.s.s.concurrent.ThreadPoolTaskExecutor  : Initializing ExecutorService 'applicationTaskExecutor'
2019-12-03 10:27:00.129  INFO 57006 --- [main] o.s.a.r.c.CachingConnectionFactory       : Attempting to connect to: [localhost:5672]
2019-12-03 10:27:00.147  INFO 57006 --- [main] o.s.a.r.l.SimpleMessageListenerContainer : Broker not available; cannot force queue declarations during start: java.net.ConnectException: Connection refused (Connection refused)
2019-12-03 10:27:00.172  INFO 57006 --- [org.springframework.amqp.rabbit.RabbitListenerEndpointContainer#0-1] o.s.a.r.c.CachingConnectionFactory       : Attempting to connect to: [localhost:5672]
2019-12-03 10:27:00.189 ERROR 57006 --- [org.springframework.amqp.rabbit.RabbitListenerEndpointContainer#0-1] o.s.a.r.l.SimpleMessageListenerContainer : Failed to check/redeclare auto-delete queue(s).

org.springframework.amqp.AmqpConnectException: java.net.ConnectException: Connection refused (Connection refused)
	at org.springframework.amqp.rabbit.support.RabbitExceptionTranslator.convertRabbitAccessException(RabbitExceptionTranslator.java:62) ~[spring-rabbit-2.2.1.RELEASE.jar:2.2.1.RELEASE]
	at org.springframework.amqp.rabbit.connection.AbstractConnectionFactory.createBareConnection(AbstractConnectionFactory.java:510) ~[spring-rabbit-2.2.1.RELEASE.jar:2.2.1.RELEASE]
	at org.springframework.amqp.rabbit.connection.CachingConnectionFactory.createConnection(CachingConnectionFactory.java:751) ~[spring-rabbit-2.2.1.RELEASE.jar:2.2.1.RELEASE]
	at org.springframework.amqp.rabbit.connection.ConnectionFactoryUtils.createConnection(ConnectionFactoryUtils.java:215) ~[spring-rabbit-2.2.1.RELEASE.jar:2.2.1.RELEASE]
	at org.springframework.amqp.rabbit.core.RabbitTemplate.doExecute(RabbitTemplate.java:2085) ~[spring-rabbit-2.2.1.RELEASE.jar:2.2.1.RELEASE]
	at org.springframework.amqp.rabbit.core.RabbitTemplate.execute(RabbitTemplate.java:2058) ~[spring-rabbit-2.2.1.RELEASE.jar:2.2.1.RELEASE]
	at org.springframework.amqp.rabbit.core.RabbitTemplate.execute(RabbitTemplate.java:2038) ~[spring-rabbit-2.2.1.RELEASE.jar:2.2.1.RELEASE]
	at org.springframework.amqp.rabbit.core.RabbitAdmin.getQueueInfo(RabbitAdmin.java:405) ~[spring-rabbit-2.2.1.RELEASE.jar:2.2.1.RELEASE]
	at org.springframework.amqp.rabbit.core.RabbitAdmin.getQueueProperties(RabbitAdmin.java:389) ~[spring-rabbit-2.2.1.RELEASE.jar:2.2.1.RELEASE]
	at org.springframework.amqp.rabbit.listener.AbstractMessageListenerContainer.attemptDeclarations(AbstractMessageListenerContainer.java:1820) ~[spring-rabbit-2.2.1.RELEASE.jar:2.2.1.RELEASE]
	at org.springframework.amqp.rabbit.listener.AbstractMessageListenerContainer.redeclareElementsIfNecessary(AbstractMessageListenerContainer.java:1801) ~[spring-rabbit-2.2.1.RELEASE.jar:2.2.1.RELEASE]
	at org.springframework.amqp.rabbit.listener.SimpleMessageListenerContainer$AsyncMessageProcessingConsumer.initialize(SimpleMessageListenerContainer.java:1337) [spring-rabbit-2.2.1.RELEASE.jar:2.2.1.RELEASE]
	at org.springframework.amqp.rabbit.listener.SimpleMessageListenerContainer$AsyncMessageProcessingConsumer.run(SimpleMessageListenerContainer.java:1183) [spring-rabbit-2.2.1.RELEASE.jar:2.2.1.RELEASE]
	at java.lang.Thread.run(Thread.java:748) [na:1.8.0_222]
Caused by: java.net.ConnectException: Connection refused (Connection refused)
	at java.net.PlainSocketImpl.socketConnect(Native Method) ~[na:1.8.0_222]
	at java.net.AbstractPlainSocketImpl.doConnect(AbstractPlainSocketImpl.java:350) ~[na:1.8.0_222]
	at java.net.AbstractPlainSocketImpl.connectToAddress(AbstractPlainSocketImpl.java:206) ~[na:1.8.0_222]
	at java.net.AbstractPlainSocketImpl.connect(AbstractPlainSocketImpl.java:188) ~[na:1.8.0_222]
	at java.net.SocksSocketImpl.connect(SocksSocketImpl.java:392) ~[na:1.8.0_222]
	at java.net.Socket.connect(Socket.java:589) ~[na:1.8.0_222]
	at com.rabbitmq.client.impl.SocketFrameHandlerFactory.create(SocketFrameHandlerFactory.java:60) ~[amqp-client-5.7.3.jar:5.7.3]
	at com.rabbitmq.client.ConnectionFactory.newConnection(ConnectionFactory.java:1113) ~[amqp-client-5.7.3.jar:5.7.3]
	at com.rabbitmq.client.ConnectionFactory.newConnection(ConnectionFactory.java:1063) ~[amqp-client-5.7.3.jar:5.7.3]
	at org.springframework.amqp.rabbit.connection.AbstractConnectionFactory.connect(AbstractConnectionFactory.java:526) ~[spring-rabbit-2.2.1.RELEASE.jar:2.2.1.RELEASE]
	at org.springframework.amqp.rabbit.connection.AbstractConnectionFactory.createBareConnection(AbstractConnectionFactory.java:473) ~[spring-rabbit-2.2.1.RELEASE.jar:2.2.1.RELEASE]
	... 12 common frames omitted

2019-12-03 10:27:00.199  INFO 57006 --- [org.springframework.amqp.rabbit.RabbitListenerEndpointContainer#0-1] o.s.a.r.c.CachingConnectionFactory       : Attempting to connect to: [localhost:5672]
2019-12-03 10:27:00.232  INFO 57006 --- [main] c.ga.emailapi.EmailApiApplicationTests   : Started EmailApiApplicationTests in 7.553 seconds (JVM running for 16.857)
2019-12-03 10:27:00.486  INFO 57006 --- [SpringContextShutdownHook] o.s.c.n.eureka.InstanceInfoFactory       : Setting initial instance status as: STARTING
2019-12-03 10:27:00.491  INFO 57006 --- [SpringContextShutdownHook] o.s.c.n.e.s.EurekaServiceRegistry        : Unregistering application EMAIL-API with eureka with status DOWN
2019-12-03 10:27:00.498  INFO 57006 --- [SpringContextShutdownHook] o.s.a.r.l.SimpleMessageListenerContainer : Waiting for workers to finish.
2019-12-03 10:27:00.499  INFO 57006 --- [SpringContextShutdownHook] o.s.a.r.l.SimpleMessageListenerContainer : Successfully waited for workers to finish.
2019-12-03 10:27:00.506  INFO 57006 --- [SpringContextShutdownHook] o.s.a.r.l.SimpleMessageListenerContainer : Shutdown ignored - container is not active already
2019-12-03 10:27:00.508  INFO 57006 --- [SpringContextShutdownHook] o.s.s.concurrent.ThreadPoolTaskExecutor  : Shutting down ExecutorService 'applicationTaskExecutor'
2019-12-03 10:28:14.987  INFO 57046 --- [main] c.ga.emailapi.EmailApiApplicationTests   : The following profiles are active: local
2019-12-03 10:28:16.038  INFO 57046 --- [main] o.s.cloud.context.scope.GenericScope     : BeanFactory id=369bfbea-e44c-36ea-9fb2-f565729ac823
2019-12-03 10:28:16.502  INFO 57046 --- [main] trationDelegate$BeanPostProcessorChecker : Bean 'org.springframework.cloud.autoconfigure.ConfigurationPropertiesRebinderAutoConfiguration' of type [org.springframework.cloud.autoconfigure.ConfigurationPropertiesRebinderAutoConfiguration$$EnhancerBySpringCGLIB$$88a2a3d] is not eligible for getting processed by all BeanPostProcessors (for example: not eligible for auto-proxying)
2019-12-03 10:28:16.976  WARN 57046 --- [main] c.n.c.sources.URLConfigurationSource     : No URLs will be polled as dynamic configuration sources.
2019-12-03 10:28:16.976  INFO 57046 --- [main] c.n.c.sources.URLConfigurationSource     : To enable URLs as dynamic configuration sources, define System property archaius.configurationSource.additionalUrls or make config.properties available on classpath.
2019-12-03 10:28:16.988  WARN 57046 --- [main] c.n.c.sources.URLConfigurationSource     : No URLs will be polled as dynamic configuration sources.
2019-12-03 10:28:16.988  INFO 57046 --- [main] c.n.c.sources.URLConfigurationSource     : To enable URLs as dynamic configuration sources, define System property archaius.configurationSource.additionalUrls or make config.properties available on classpath.
2019-12-03 10:28:17.508  INFO 57046 --- [main] o.s.s.concurrent.ThreadPoolTaskExecutor  : Initializing ExecutorService 'applicationTaskExecutor'
2019-12-03 10:28:19.018  INFO 57046 --- [main] o.s.a.r.c.CachingConnectionFactory       : Attempting to connect to: [localhost:5672]
2019-12-03 10:28:19.029  INFO 57046 --- [main] o.s.a.r.l.SimpleMessageListenerContainer : Broker not available; cannot force queue declarations during start: java.net.ConnectException: Connection refused (Connection refused)
2019-12-03 10:28:19.041  INFO 57046 --- [org.springframework.amqp.rabbit.RabbitListenerEndpointContainer#0-1] o.s.a.r.c.CachingConnectionFactory       : Attempting to connect to: [localhost:5672]
2019-12-03 10:28:19.054 ERROR 57046 --- [org.springframework.amqp.rabbit.RabbitListenerEndpointContainer#0-1] o.s.a.r.l.SimpleMessageListenerContainer : Failed to check/redeclare auto-delete queue(s).

org.springframework.amqp.AmqpConnectException: java.net.ConnectException: Connection refused (Connection refused)
	at org.springframework.amqp.rabbit.support.RabbitExceptionTranslator.convertRabbitAccessException(RabbitExceptionTranslator.java:62) ~[spring-rabbit-2.2.1.RELEASE.jar:2.2.1.RELEASE]
	at org.springframework.amqp.rabbit.connection.AbstractConnectionFactory.createBareConnection(AbstractConnectionFactory.java:510) ~[spring-rabbit-2.2.1.RELEASE.jar:2.2.1.RELEASE]
	at org.springframework.amqp.rabbit.connection.CachingConnectionFactory.createConnection(CachingConnectionFactory.java:751) ~[spring-rabbit-2.2.1.RELEASE.jar:2.2.1.RELEASE]
	at org.springframework.amqp.rabbit.connection.ConnectionFactoryUtils.createConnection(ConnectionFactoryUtils.java:215) ~[spring-rabbit-2.2.1.RELEASE.jar:2.2.1.RELEASE]
	at org.springframework.amqp.rabbit.core.RabbitTemplate.doExecute(RabbitTemplate.java:2085) ~[spring-rabbit-2.2.1.RELEASE.jar:2.2.1.RELEASE]
	at org.springframework.amqp.rabbit.core.RabbitTemplate.execute(RabbitTemplate.java:2058) ~[spring-rabbit-2.2.1.RELEASE.jar:2.2.1.RELEASE]
	at org.springframework.amqp.rabbit.core.RabbitTemplate.execute(RabbitTemplate.java:2038) ~[spring-rabbit-2.2.1.RELEASE.jar:2.2.1.RELEASE]
	at org.springframework.amqp.rabbit.core.RabbitAdmin.getQueueInfo(RabbitAdmin.java:405) ~[spring-rabbit-2.2.1.RELEASE.jar:2.2.1.RELEASE]
	at org.springframework.amqp.rabbit.core.RabbitAdmin.getQueueProperties(RabbitAdmin.java:389) ~[spring-rabbit-2.2.1.RELEASE.jar:2.2.1.RELEASE]
	at org.springframework.amqp.rabbit.listener.AbstractMessageListenerContainer.attemptDeclarations(AbstractMessageListenerContainer.java:1820) ~[spring-rabbit-2.2.1.RELEASE.jar:2.2.1.RELEASE]
	at org.springframework.amqp.rabbit.listener.AbstractMessageListenerContainer.redeclareElementsIfNecessary(AbstractMessageListenerContainer.java:1801) ~[spring-rabbit-2.2.1.RELEASE.jar:2.2.1.RELEASE]
	at org.springframework.amqp.rabbit.listener.SimpleMessageListenerContainer$AsyncMessageProcessingConsumer.initialize(SimpleMessageListenerContainer.java:1337) [spring-rabbit-2.2.1.RELEASE.jar:2.2.1.RELEASE]
	at org.springframework.amqp.rabbit.listener.SimpleMessageListenerContainer$AsyncMessageProcessingConsumer.run(SimpleMessageListenerContainer.java:1183) [spring-rabbit-2.2.1.RELEASE.jar:2.2.1.RELEASE]
	at java.lang.Thread.run(Thread.java:748) [na:1.8.0_222]
Caused by: java.net.ConnectException: Connection refused (Connection refused)
	at java.net.PlainSocketImpl.socketConnect(Native Method) ~[na:1.8.0_222]
	at java.net.AbstractPlainSocketImpl.doConnect(AbstractPlainSocketImpl.java:350) ~[na:1.8.0_222]
	at java.net.AbstractPlainSocketImpl.connectToAddress(AbstractPlainSocketImpl.java:206) ~[na:1.8.0_222]
	at java.net.AbstractPlainSocketImpl.connect(AbstractPlainSocketImpl.java:188) ~[na:1.8.0_222]
	at java.net.SocksSocketImpl.connect(SocksSocketImpl.java:392) ~[na:1.8.0_222]
	at java.net.Socket.connect(Socket.java:589) ~[na:1.8.0_222]
	at com.rabbitmq.client.impl.SocketFrameHandlerFactory.create(SocketFrameHandlerFactory.java:60) ~[amqp-client-5.7.3.jar:5.7.3]
	at com.rabbitmq.client.ConnectionFactory.newConnection(ConnectionFactory.java:1113) ~[amqp-client-5.7.3.jar:5.7.3]
	at com.rabbitmq.client.ConnectionFactory.newConnection(ConnectionFactory.java:1063) ~[amqp-client-5.7.3.jar:5.7.3]
	at org.springframework.amqp.rabbit.connection.AbstractConnectionFactory.connect(AbstractConnectionFactory.java:526) ~[spring-rabbit-2.2.1.RELEASE.jar:2.2.1.RELEASE]
	at org.springframework.amqp.rabbit.connection.AbstractConnectionFactory.createBareConnection(AbstractConnectionFactory.java:473) ~[spring-rabbit-2.2.1.RELEASE.jar:2.2.1.RELEASE]
	... 12 common frames omitted

2019-12-03 10:28:19.060  INFO 57046 --- [org.springframework.amqp.rabbit.RabbitListenerEndpointContainer#0-1] o.s.a.r.c.CachingConnectionFactory       : Attempting to connect to: [localhost:5672]
2019-12-03 10:28:19.083  INFO 57046 --- [main] c.ga.emailapi.EmailApiApplicationTests   : Started EmailApiApplicationTests in 15.15 seconds (JVM running for 19.671)
2019-12-03 10:28:19.197  INFO 57046 --- [SpringContextShutdownHook] o.s.c.n.eureka.InstanceInfoFactory       : Setting initial instance status as: STARTING
2019-12-03 10:28:19.201  INFO 57046 --- [SpringContextShutdownHook] o.s.c.n.e.s.EurekaServiceRegistry        : Unregistering application EMAIL-API with eureka with status DOWN
2019-12-03 10:28:19.209  INFO 57046 --- [SpringContextShutdownHook] o.s.a.r.l.SimpleMessageListenerContainer : Waiting for workers to finish.
2019-12-03 10:28:19.209  INFO 57046 --- [SpringContextShutdownHook] o.s.a.r.l.SimpleMessageListenerContainer : Successfully waited for workers to finish.
2019-12-03 10:28:19.215  INFO 57046 --- [SpringContextShutdownHook] o.s.a.r.l.SimpleMessageListenerContainer : Shutdown ignored - container is not active already
2019-12-03 10:28:19.216  INFO 57046 --- [SpringContextShutdownHook] o.s.s.concurrent.ThreadPoolTaskExecutor  : Shutting down ExecutorService 'applicationTaskExecutor'
