2019-12-04 11:33:46.802  INFO 3281 --- [main] com.ga.emailapi.EmailApiApplication      : The following profiles are active: local
2019-12-04 11:33:47.507  INFO 3281 --- [main] o.s.cloud.context.scope.GenericScope     : BeanFactory id=5f47c6d6-ba11-3f33-b69c-7540d82df12d
2019-12-04 11:33:47.593  INFO 3281 --- [main] trationDelegate$BeanPostProcessorChecker : Bean 'org.springframework.cloud.autoconfigure.ConfigurationPropertiesRebinderAutoConfiguration' of type [org.springframework.cloud.autoconfigure.ConfigurationPropertiesRebinderAutoConfiguration$$EnhancerBySpringCGLIB$$221376f2] is not eligible for getting processed by all BeanPostProcessors (for example: not eligible for auto-proxying)
2019-12-04 11:33:47.802  INFO 3281 --- [main] o.s.b.w.embedded.tomcat.TomcatWebServer  : Tomcat initialized with port(s): 8084 (http)
2019-12-04 11:33:47.813  INFO 3281 --- [main] o.apache.catalina.core.StandardService   : Starting service [Tomcat]
2019-12-04 11:33:47.814  INFO 3281 --- [main] org.apache.catalina.core.StandardEngine  : Starting Servlet engine: [Apache Tomcat/9.0.27]
2019-12-04 11:33:47.969  INFO 3281 --- [main] o.a.c.c.C.[Tomcat].[localhost].[/]       : Initializing Spring embedded WebApplicationContext
2019-12-04 11:33:47.970  INFO 3281 --- [main] o.s.web.context.ContextLoader            : Root WebApplicationContext: initialization completed in 1132 ms
2019-12-04 11:33:48.035  WARN 3281 --- [main] c.n.c.sources.URLConfigurationSource     : No URLs will be polled as dynamic configuration sources.
2019-12-04 11:33:48.035  INFO 3281 --- [main] c.n.c.sources.URLConfigurationSource     : To enable URLs as dynamic configuration sources, define System property archaius.configurationSource.additionalUrls or make config.properties available on classpath.
2019-12-04 11:33:48.039  WARN 3281 --- [main] c.n.c.sources.URLConfigurationSource     : No URLs will be polled as dynamic configuration sources.
2019-12-04 11:33:48.039  INFO 3281 --- [main] c.n.c.sources.URLConfigurationSource     : To enable URLs as dynamic configuration sources, define System property archaius.configurationSource.additionalUrls or make config.properties available on classpath.
2019-12-04 11:33:48.192  INFO 3281 --- [main] o.s.s.concurrent.ThreadPoolTaskExecutor  : Initializing ExecutorService 'applicationTaskExecutor'
2019-12-04 11:33:48.936  INFO 3281 --- [main] o.s.c.n.eureka.InstanceInfoFactory       : Setting initial instance status as: STARTING
2019-12-04 11:33:48.976  INFO 3281 --- [main] com.netflix.discovery.DiscoveryClient    : Initializing Eureka in region us-east-1
2019-12-04 11:33:49.236  INFO 3281 --- [main] c.n.d.provider.DiscoveryJerseyProvider   : Using JSON encoding codec LegacyJacksonJson
2019-12-04 11:33:49.237  INFO 3281 --- [main] c.n.d.provider.DiscoveryJerseyProvider   : Using JSON decoding codec LegacyJacksonJson
2019-12-04 11:33:49.329  INFO 3281 --- [main] c.n.d.provider.DiscoveryJerseyProvider   : Using XML encoding codec XStreamXml
2019-12-04 11:33:49.329  INFO 3281 --- [main] c.n.d.provider.DiscoveryJerseyProvider   : Using XML decoding codec XStreamXml
2019-12-04 11:33:49.488  INFO 3281 --- [main] c.n.d.s.r.aws.ConfigClusterResolver      : Resolving eureka endpoints via configuration
2019-12-04 11:33:49.507  INFO 3281 --- [main] com.netflix.discovery.DiscoveryClient    : Disable delta property : false
2019-12-04 11:33:49.508  INFO 3281 --- [main] com.netflix.discovery.DiscoveryClient    : Single vip registry refresh property : null
2019-12-04 11:33:49.508  INFO 3281 --- [main] com.netflix.discovery.DiscoveryClient    : Force full registry fetch : false
2019-12-04 11:33:49.508  INFO 3281 --- [main] com.netflix.discovery.DiscoveryClient    : Application is null : false
2019-12-04 11:33:49.508  INFO 3281 --- [main] com.netflix.discovery.DiscoveryClient    : Registered Applications size is zero : true
2019-12-04 11:33:49.508  INFO 3281 --- [main] com.netflix.discovery.DiscoveryClient    : Application version is -1: true
2019-12-04 11:33:49.508  INFO 3281 --- [main] com.netflix.discovery.DiscoveryClient    : Getting all instance registry info from the eureka server
2019-12-04 11:33:49.654  INFO 3281 --- [main] com.netflix.discovery.DiscoveryClient    : The response status is 200
2019-12-04 11:33:49.657  INFO 3281 --- [main] com.netflix.discovery.DiscoveryClient    : Starting heartbeat executor: renew interval is: 30
2019-12-04 11:33:49.658  INFO 3281 --- [main] c.n.discovery.InstanceInfoReplicator     : InstanceInfoReplicator onDemand update allowed rate per min is 4
2019-12-04 11:33:49.661  INFO 3281 --- [main] com.netflix.discovery.DiscoveryClient    : Discovery Client initialized at timestamp 1575477229660 with initial instances count: 3
2019-12-04 11:33:49.663  INFO 3281 --- [main] o.s.c.n.e.s.EurekaServiceRegistry        : Registering application EMAIL-API with eureka with status UP
2019-12-04 11:33:49.664  INFO 3281 --- [main] com.netflix.discovery.DiscoveryClient    : Saw local status change event StatusChangeEvent [timestamp=1575477229664, current=UP, previous=STARTING]
2019-12-04 11:33:49.666  INFO 3281 --- [DiscoveryClient-InstanceInfoReplicator-0] com.netflix.discovery.DiscoveryClient    : DiscoveryClient_EMAIL-API/172.16.3.121:email-api:8084: registering service...
2019-12-04 11:33:49.670  INFO 3281 --- [main] o.s.a.r.c.CachingConnectionFactory       : Attempting to connect to: [localhost:5672]
2019-12-04 11:33:49.716  INFO 3281 --- [DiscoveryClient-InstanceInfoReplicator-0] com.netflix.discovery.DiscoveryClient    : DiscoveryClient_EMAIL-API/172.16.3.121:email-api:8084 - registration status: 204
2019-12-04 11:33:50.419  INFO 3281 --- [main] o.s.a.r.c.CachingConnectionFactory       : Created new connection: rabbitConnectionFactory#4f4c789f:0/SimpleConnection@51e3d37e [delegate=amqp://guest@127.0.0.1:5672/, localPort= 50685]
2019-12-04 11:33:50.424  INFO 3281 --- [main] o.s.amqp.rabbit.core.RabbitAdmin         : Auto-declaring a non-durable, auto-delete, or exclusive Queue (queue1) durable:false, auto-delete:false, exclusive:false. It will be redeclared if the broker stops and is restarted while the connection factory is alive, but all messages will be lost.
2019-12-04 11:33:50.541  INFO 3281 --- [main] o.s.b.w.embedded.tomcat.TomcatWebServer  : Tomcat started on port(s): 8084 (http) with context path ''
2019-12-04 11:33:50.542  INFO 3281 --- [main] .s.c.n.e.s.EurekaAutoServiceRegistration : Updating port to 8084
2019-12-04 11:33:50.547  INFO 3281 --- [main] com.ga.emailapi.EmailApiApplication      : Started EmailApiApplication in 4.964 seconds (JVM running for 5.699)
2019-12-04 11:38:49.511  INFO 3281 --- [AsyncResolver-bootstrap-executor-0] c.n.d.s.r.aws.ConfigClusterResolver      : Resolving eureka endpoints via configuration
2019-12-04 11:43:49.519  INFO 3281 --- [AsyncResolver-bootstrap-executor-0] c.n.d.s.r.aws.ConfigClusterResolver      : Resolving eureka endpoints via configuration
2019-12-04 11:48:49.528  INFO 3281 --- [AsyncResolver-bootstrap-executor-0] c.n.d.s.r.aws.ConfigClusterResolver      : Resolving eureka endpoints via configuration
