2019-11-28 07:48:28.349  INFO 38160 --- [main] c.e.e.EurekaServerApplication            : The following profiles are active: dev
2019-11-28 07:48:29.714  WARN 38160 --- [main] o.s.boot.actuate.endpoint.EndpointId     : Endpoint ID 'service-registry' contains invalid characters, please migrate to a valid format.
2019-11-28 07:48:30.088  INFO 38160 --- [main] o.s.cloud.context.scope.GenericScope     : BeanFactory id=f5f27086-661f-34d3-8c0d-6129cbadf6e8
2019-11-28 07:48:30.219  INFO 38160 --- [main] trationDelegate$BeanPostProcessorChecker : Bean 'org.springframework.cloud.autoconfigure.ConfigurationPropertiesRebinderAutoConfiguration' of type [org.springframework.cloud.autoconfigure.ConfigurationPropertiesRebinderAutoConfiguration$$EnhancerBySpringCGLIB$$a2d72436] is not eligible for getting processed by all BeanPostProcessors (for example: not eligible for auto-proxying)
2019-11-28 07:48:30.704  INFO 38160 --- [main] o.s.b.w.embedded.tomcat.TomcatWebServer  : Tomcat initialized with port(s): 8761 (http)
2019-11-28 07:48:30.744  INFO 38160 --- [main] o.apache.catalina.core.StandardService   : Starting service [Tomcat]
2019-11-28 07:48:30.745  INFO 38160 --- [main] org.apache.catalina.core.StandardEngine  : Starting Servlet engine: [Apache Tomcat/9.0.16]
2019-11-28 07:48:30.755  INFO 38160 --- [main] o.a.catalina.core.AprLifecycleListener   : The APR based Apache Tomcat Native library which allows optimal performance in production environments was not found on the java.library.path: [/Users/tracychen/Library/Java/Extensions:/Library/Java/Extensions:/Network/Library/Java/Extensions:/System/Library/Java/Extensions:/usr/lib/java:.]
2019-11-28 07:48:30.901  INFO 38160 --- [main] o.a.c.c.C.[Tomcat].[localhost].[/]       : Initializing Spring embedded WebApplicationContext
2019-11-28 07:48:30.901  INFO 38160 --- [main] o.s.web.context.ContextLoader            : Root WebApplicationContext: initialization completed in 2520 ms
2019-11-28 07:48:31.061  WARN 38160 --- [main] c.n.c.sources.URLConfigurationSource     : No URLs will be polled as dynamic configuration sources.
2019-11-28 07:48:31.062  INFO 38160 --- [main] c.n.c.sources.URLConfigurationSource     : To enable URLs as dynamic configuration sources, define System property archaius.configurationSource.additionalUrls or make config.properties available on classpath.
2019-11-28 07:48:31.070  INFO 38160 --- [main] c.netflix.config.DynamicPropertyFactory  : DynamicPropertyFactory is initialized with configuration sources: com.netflix.config.ConcurrentCompositeConfiguration@61c42416
2019-11-28 07:48:31.980  INFO 38160 --- [main] c.s.j.s.i.a.WebApplicationImpl           : Initiating Jersey application, version 'Jersey: 1.19.1 03/11/2016 02:08 PM'
2019-11-28 07:48:32.081  INFO 38160 --- [main] c.n.d.provider.DiscoveryJerseyProvider   : Using JSON encoding codec LegacyJacksonJson
2019-11-28 07:48:32.084  INFO 38160 --- [main] c.n.d.provider.DiscoveryJerseyProvider   : Using JSON decoding codec LegacyJacksonJson
2019-11-28 07:48:32.323  INFO 38160 --- [main] c.n.d.provider.DiscoveryJerseyProvider   : Using XML encoding codec XStreamXml
2019-11-28 07:48:32.323  INFO 38160 --- [main] c.n.d.provider.DiscoveryJerseyProvider   : Using XML decoding codec XStreamXml
2019-11-28 07:48:32.774  WARN 38160 --- [main] o.s.c.n.a.ArchaiusAutoConfiguration      : No spring.application.name found, defaulting to 'application'
2019-11-28 07:48:32.775  WARN 38160 --- [main] c.n.c.sources.URLConfigurationSource     : No URLs will be polled as dynamic configuration sources.
2019-11-28 07:48:32.775  INFO 38160 --- [main] c.n.c.sources.URLConfigurationSource     : To enable URLs as dynamic configuration sources, define System property archaius.configurationSource.additionalUrls or make config.properties available on classpath.
2019-11-28 07:48:33.005  INFO 38160 --- [main] o.s.s.concurrent.ThreadPoolTaskExecutor  : Initializing ExecutorService 'applicationTaskExecutor'
2019-11-28 07:48:33.757  INFO 38160 --- [main] o.s.c.n.eureka.InstanceInfoFactory       : Setting initial instance status as: STARTING
2019-11-28 07:48:33.820  INFO 38160 --- [main] com.netflix.discovery.DiscoveryClient    : Initializing Eureka in region us-east-1
2019-11-28 07:48:33.821  INFO 38160 --- [main] com.netflix.discovery.DiscoveryClient    : Client configured to neither register nor query for data.
2019-11-28 07:48:33.838  INFO 38160 --- [main] com.netflix.discovery.DiscoveryClient    : Discovery Client initialized at timestamp 1574945313834 with initial instances count: 0
2019-11-28 07:48:33.899  INFO 38160 --- [main] c.n.eureka.DefaultEurekaServerContext    : Initializing ...
2019-11-28 07:48:33.902  INFO 38160 --- [main] c.n.eureka.cluster.PeerEurekaNodes       : Adding new peer nodes [http://localhost:8761/eureka/]
2019-11-28 07:48:34.288  INFO 38160 --- [main] c.n.d.provider.DiscoveryJerseyProvider   : Using JSON encoding codec LegacyJacksonJson
2019-11-28 07:48:34.289  INFO 38160 --- [main] c.n.d.provider.DiscoveryJerseyProvider   : Using JSON decoding codec LegacyJacksonJson
2019-11-28 07:48:34.289  INFO 38160 --- [main] c.n.d.provider.DiscoveryJerseyProvider   : Using XML encoding codec XStreamXml
2019-11-28 07:48:34.289  INFO 38160 --- [main] c.n.d.provider.DiscoveryJerseyProvider   : Using XML decoding codec XStreamXml
2019-11-28 07:48:34.456  INFO 38160 --- [main] c.n.eureka.cluster.PeerEurekaNodes       : Replica node URL:  http://localhost:8761/eureka/
2019-11-28 07:48:34.467  INFO 38160 --- [main] c.n.e.registry.AbstractInstanceRegistry  : Finished initializing remote region registries. All known remote regions: []
2019-11-28 07:48:34.469  INFO 38160 --- [main] c.n.eureka.DefaultEurekaServerContext    : Initialized
2019-11-28 07:48:34.482  INFO 38160 --- [main] o.s.b.a.e.web.EndpointLinksResolver      : Exposing 2 endpoint(s) beneath base path '/actuator'
2019-11-28 07:48:34.631  INFO 38160 --- [main] o.s.c.n.e.s.EurekaServiceRegistry        : Registering application UNKNOWN with eureka with status UP
2019-11-28 07:48:34.635  INFO 38160 --- [Thread-30] o.s.c.n.e.server.EurekaServerBootstrap   : Setting the eureka configuration..
2019-11-28 07:48:34.636  INFO 38160 --- [Thread-30] o.s.c.n.e.server.EurekaServerBootstrap   : Eureka data center value eureka.datacenter is not set, defaulting to default
2019-11-28 07:48:34.637  INFO 38160 --- [Thread-30] o.s.c.n.e.server.EurekaServerBootstrap   : Eureka environment value eureka.environment is not set, defaulting to test
2019-11-28 07:48:34.660  INFO 38160 --- [Thread-30] o.s.c.n.e.server.EurekaServerBootstrap   : isAws returned false
2019-11-28 07:48:34.661  INFO 38160 --- [Thread-30] o.s.c.n.e.server.EurekaServerBootstrap   : Initialized server context
2019-11-28 07:48:34.661  INFO 38160 --- [Thread-30] c.n.e.r.PeerAwareInstanceRegistryImpl    : Got 1 instances from neighboring DS node
2019-11-28 07:48:34.661  INFO 38160 --- [Thread-30] c.n.e.r.PeerAwareInstanceRegistryImpl    : Renew threshold is: 1
2019-11-28 07:48:34.661  INFO 38160 --- [Thread-30] c.n.e.r.PeerAwareInstanceRegistryImpl    : Changing status to UP
2019-11-28 07:48:34.674  INFO 38160 --- [Thread-30] e.s.EurekaServerInitializerConfiguration : Started Eureka Server
2019-11-28 07:48:34.712  INFO 38160 --- [main] o.s.b.w.embedded.tomcat.TomcatWebServer  : Tomcat started on port(s): 8761 (http) with context path ''
2019-11-28 07:48:34.714  INFO 38160 --- [main] .s.c.n.e.s.EurekaAutoServiceRegistration : Updating port to 8761
2019-11-28 07:48:34.721  INFO 38160 --- [main] c.e.e.EurekaServerApplication            : Started EurekaServerApplication in 8.658 seconds (JVM running for 10.171)
2019-11-28 07:48:35.288  INFO 38160 --- [RMI TCP Connection(1)-127.0.0.1] o.a.c.c.C.[Tomcat].[localhost].[/]       : Initializing Spring DispatcherServlet 'dispatcherServlet'
2019-11-28 07:48:35.289  INFO 38160 --- [RMI TCP Connection(1)-127.0.0.1] o.s.web.servlet.DispatcherServlet        : Initializing Servlet 'dispatcherServlet'
2019-11-28 07:48:35.314  INFO 38160 --- [RMI TCP Connection(1)-127.0.0.1] o.s.web.servlet.DispatcherServlet        : Completed initialization in 25 ms
2019-11-28 07:49:05.745  INFO 38160 --- [http-nio-8761-exec-2] c.n.e.registry.AbstractInstanceRegistry  : Registered instance API-GATEWAY/192.168.0.6:api-gateway with status UP (replication=false)
2019-11-28 07:49:06.512  INFO 38160 --- [http-nio-8761-exec-3] c.n.e.registry.AbstractInstanceRegistry  : Registered instance API-GATEWAY/192.168.0.6:api-gateway with status UP (replication=true)
2019-11-28 07:49:34.667  INFO 38160 --- [Eureka-EvictionTimer] c.n.e.registry.AbstractInstanceRegistry  : Running the evict task with compensationTime 0ms
2019-11-28 07:49:56.990  INFO 38160 --- [http-nio-8761-exec-8] c.n.e.registry.AbstractInstanceRegistry  : Registered instance USER/192.168.0.6:user:8081 with status UP (replication=false)
2019-11-28 07:49:57.506  INFO 38160 --- [http-nio-8761-exec-9] c.n.e.registry.AbstractInstanceRegistry  : Registered instance USER/192.168.0.6:user:8081 with status UP (replication=true)
2019-11-28 07:50:34.669  INFO 38160 --- [Eureka-EvictionTimer] c.n.e.registry.AbstractInstanceRegistry  : Running the evict task with compensationTime 0ms
2019-11-28 07:51:34.669  INFO 38160 --- [Eureka-EvictionTimer] c.n.e.registry.AbstractInstanceRegistry  : Running the evict task with compensationTime 0ms
2019-11-28 07:52:34.672  INFO 38160 --- [Eureka-EvictionTimer] c.n.e.registry.AbstractInstanceRegistry  : Running the evict task with compensationTime 1ms
2019-11-28 07:52:48.286  INFO 38160 --- [http-nio-8761-exec-6] c.n.e.registry.AbstractInstanceRegistry  : Registered instance POST/192.168.0.6:post:8082 with status UP (replication=false)
2019-11-28 07:52:48.805  INFO 38160 --- [http-nio-8761-exec-7] c.n.e.registry.AbstractInstanceRegistry  : Registered instance POST/192.168.0.6:post:8082 with status UP (replication=true)
2019-11-28 07:53:10.932  INFO 38160 --- [http-nio-8761-exec-5] c.n.e.registry.AbstractInstanceRegistry  : Registered instance COMMENT/192.168.0.6:comment:8083 with status UP (replication=false)
2019-11-28 07:53:11.446  INFO 38160 --- [http-nio-8761-exec-6] c.n.e.registry.AbstractInstanceRegistry  : Registered instance COMMENT/192.168.0.6:comment:8083 with status UP (replication=true)
2019-11-28 07:53:33.265  INFO 38160 --- [http-nio-8761-exec-3] c.n.e.registry.AbstractInstanceRegistry  : Registered instance EMAIL-API/192.168.0.6:email-api:8084 with status UP (replication=false)
2019-11-28 07:53:33.775  INFO 38160 --- [http-nio-8761-exec-5] c.n.e.registry.AbstractInstanceRegistry  : Registered instance EMAIL-API/192.168.0.6:email-api:8084 with status UP (replication=true)
2019-11-28 07:53:34.675  INFO 38160 --- [Eureka-EvictionTimer] c.n.e.registry.AbstractInstanceRegistry  : Running the evict task with compensationTime 2ms
2019-11-28 07:54:34.676  INFO 38160 --- [Eureka-EvictionTimer] c.n.e.registry.AbstractInstanceRegistry  : Running the evict task with compensationTime 0ms
2019-11-28 07:55:34.679  INFO 38160 --- [Eureka-EvictionTimer] c.n.e.registry.AbstractInstanceRegistry  : Running the evict task with compensationTime 1ms
2019-11-28 07:56:34.680  INFO 38160 --- [Eureka-EvictionTimer] c.n.e.registry.AbstractInstanceRegistry  : Running the evict task with compensationTime 0ms
2019-11-28 07:57:34.682  INFO 38160 --- [Eureka-EvictionTimer] c.n.e.registry.AbstractInstanceRegistry  : Running the evict task with compensationTime 0ms
2019-11-28 07:58:34.683  INFO 38160 --- [Eureka-EvictionTimer] c.n.e.registry.AbstractInstanceRegistry  : Running the evict task with compensationTime 0ms
2019-11-28 07:59:34.687  INFO 38160 --- [Eureka-EvictionTimer] c.n.e.registry.AbstractInstanceRegistry  : Running the evict task with compensationTime 2ms
2019-11-28 08:00:34.689  INFO 38160 --- [Eureka-EvictionTimer] c.n.e.registry.AbstractInstanceRegistry  : Running the evict task with compensationTime 1ms
2019-11-28 08:01:34.694  INFO 38160 --- [Eureka-EvictionTimer] c.n.e.registry.AbstractInstanceRegistry  : Running the evict task with compensationTime 4ms
2019-11-28 08:02:34.698  INFO 38160 --- [Eureka-EvictionTimer] c.n.e.registry.AbstractInstanceRegistry  : Running the evict task with compensationTime 3ms
2019-11-28 08:03:34.499  INFO 38160 --- [ReplicaAwareInstanceRegistry - RenewalThresholdUpdater] c.n.e.r.PeerAwareInstanceRegistryImpl    : Current renewal threshold is : 10
2019-11-28 08:03:34.702  INFO 38160 --- [Eureka-EvictionTimer] c.n.e.registry.AbstractInstanceRegistry  : Running the evict task with compensationTime 3ms
2019-11-28 08:04:34.706  INFO 38160 --- [Eureka-EvictionTimer] c.n.e.registry.AbstractInstanceRegistry  : Running the evict task with compensationTime 3ms
2019-11-28 08:05:34.707  INFO 38160 --- [Eureka-EvictionTimer] c.n.e.registry.AbstractInstanceRegistry  : Running the evict task with compensationTime 0ms
2019-11-28 08:06:34.711  INFO 38160 --- [Eureka-EvictionTimer] c.n.e.registry.AbstractInstanceRegistry  : Running the evict task with compensationTime 3ms
2019-11-28 08:07:34.715  INFO 38160 --- [Eureka-EvictionTimer] c.n.e.registry.AbstractInstanceRegistry  : Running the evict task with compensationTime 2ms
2019-11-28 08:08:34.719  INFO 38160 --- [Eureka-EvictionTimer] c.n.e.registry.AbstractInstanceRegistry  : Running the evict task with compensationTime 3ms
2019-11-28 08:09:34.722  INFO 38160 --- [Eureka-EvictionTimer] c.n.e.registry.AbstractInstanceRegistry  : Running the evict task with compensationTime 1ms
2019-11-28 08:10:34.725  INFO 38160 --- [Eureka-EvictionTimer] c.n.e.registry.AbstractInstanceRegistry  : Running the evict task with compensationTime 2ms
2019-11-28 08:11:34.725  INFO 38160 --- [Eureka-EvictionTimer] c.n.e.registry.AbstractInstanceRegistry  : Running the evict task with compensationTime 9ms
2019-11-28 08:12:34.728  INFO 38160 --- [Eureka-EvictionTimer] c.n.e.registry.AbstractInstanceRegistry  : Running the evict task with compensationTime 2ms
2019-11-28 08:13:34.732  INFO 38160 --- [Eureka-EvictionTimer] c.n.e.registry.AbstractInstanceRegistry  : Running the evict task with compensationTime 2ms
2019-11-28 08:14:34.734  INFO 38160 --- [Eureka-EvictionTimer] c.n.e.registry.AbstractInstanceRegistry  : Running the evict task with compensationTime 1ms
2019-11-28 08:15:34.736  INFO 38160 --- [Eureka-EvictionTimer] c.n.e.registry.AbstractInstanceRegistry  : Running the evict task with compensationTime 0ms
2019-11-28 08:16:34.739  INFO 38160 --- [Eureka-EvictionTimer] c.n.e.registry.AbstractInstanceRegistry  : Running the evict task with compensationTime 2ms
2019-11-28 08:17:34.744  INFO 38160 --- [Eureka-EvictionTimer] c.n.e.registry.AbstractInstanceRegistry  : Running the evict task with compensationTime 3ms
2019-11-28 08:18:34.490  INFO 38160 --- [ReplicaAwareInstanceRegistry - RenewalThresholdUpdater] c.n.e.r.PeerAwareInstanceRegistryImpl    : Current renewal threshold is : 10
2019-11-28 08:18:34.746  INFO 38160 --- [Eureka-EvictionTimer] c.n.e.registry.AbstractInstanceRegistry  : Running the evict task with compensationTime 0ms
2019-11-28 08:19:34.750  INFO 38160 --- [Eureka-EvictionTimer] c.n.e.registry.AbstractInstanceRegistry  : Running the evict task with compensationTime 3ms
2019-11-28 08:20:34.756  INFO 38160 --- [Eureka-EvictionTimer] c.n.e.registry.AbstractInstanceRegistry  : Running the evict task with compensationTime 4ms
2019-11-28 08:21:34.758  INFO 38160 --- [Eureka-EvictionTimer] c.n.e.registry.AbstractInstanceRegistry  : Running the evict task with compensationTime 0ms
2019-11-28 08:22:34.761  INFO 38160 --- [Eureka-EvictionTimer] c.n.e.registry.AbstractInstanceRegistry  : Running the evict task with compensationTime 1ms
2019-11-28 08:23:34.765  INFO 38160 --- [Eureka-EvictionTimer] c.n.e.registry.AbstractInstanceRegistry  : Running the evict task with compensationTime 1ms
2019-11-28 08:24:34.766  INFO 38160 --- [Eureka-EvictionTimer] c.n.e.registry.AbstractInstanceRegistry  : Running the evict task with compensationTime 0ms
2019-11-28 08:25:34.768  INFO 38160 --- [Eureka-EvictionTimer] c.n.e.registry.AbstractInstanceRegistry  : Running the evict task with compensationTime 0ms
2019-11-28 08:26:34.772  INFO 38160 --- [Eureka-EvictionTimer] c.n.e.registry.AbstractInstanceRegistry  : Running the evict task with compensationTime 1ms
2019-11-28 08:27:34.775  INFO 38160 --- [Eureka-EvictionTimer] c.n.e.registry.AbstractInstanceRegistry  : Running the evict task with compensationTime 2ms
2019-11-28 08:28:34.778  INFO 38160 --- [Eureka-EvictionTimer] c.n.e.registry.AbstractInstanceRegistry  : Running the evict task with compensationTime 1ms
2019-11-28 08:29:34.782  INFO 38160 --- [Eureka-EvictionTimer] c.n.e.registry.AbstractInstanceRegistry  : Running the evict task with compensationTime 2ms
2019-11-28 08:30:34.785  INFO 38160 --- [Eureka-EvictionTimer] c.n.e.registry.AbstractInstanceRegistry  : Running the evict task with compensationTime 0ms
2019-11-28 08:31:34.785  INFO 38160 --- [Eureka-EvictionTimer] c.n.e.registry.AbstractInstanceRegistry  : Running the evict task with compensationTime 0ms
2019-11-28 08:32:34.789  INFO 38160 --- [Eureka-EvictionTimer] c.n.e.registry.AbstractInstanceRegistry  : Running the evict task with compensationTime 2ms
2019-11-28 08:33:34.515  INFO 38160 --- [ReplicaAwareInstanceRegistry - RenewalThresholdUpdater] c.n.e.r.PeerAwareInstanceRegistryImpl    : Current renewal threshold is : 10
2019-11-28 08:33:34.794  INFO 38160 --- [Eureka-EvictionTimer] c.n.e.registry.AbstractInstanceRegistry  : Running the evict task with compensationTime 3ms
2019-11-28 08:34:34.798  INFO 38160 --- [Eureka-EvictionTimer] c.n.e.registry.AbstractInstanceRegistry  : Running the evict task with compensationTime 3ms
2019-11-28 08:35:34.800  INFO 38160 --- [Eureka-EvictionTimer] c.n.e.registry.AbstractInstanceRegistry  : Running the evict task with compensationTime 0ms
2019-11-28 08:36:34.803  INFO 38160 --- [Eureka-EvictionTimer] c.n.e.registry.AbstractInstanceRegistry  : Running the evict task with compensationTime 1ms
2019-11-28 08:37:34.805  INFO 38160 --- [Eureka-EvictionTimer] c.n.e.registry.AbstractInstanceRegistry  : Running the evict task with compensationTime 0ms
2019-11-28 08:38:34.808  INFO 38160 --- [Eureka-EvictionTimer] c.n.e.registry.AbstractInstanceRegistry  : Running the evict task with compensationTime 1ms
2019-11-28 08:39:34.810  INFO 38160 --- [Eureka-EvictionTimer] c.n.e.registry.AbstractInstanceRegistry  : Running the evict task with compensationTime 0ms
2019-11-28 08:40:34.815  INFO 38160 --- [Eureka-EvictionTimer] c.n.e.registry.AbstractInstanceRegistry  : Running the evict task with compensationTime 3ms
2019-11-28 08:41:34.820  INFO 38160 --- [Eureka-EvictionTimer] c.n.e.registry.AbstractInstanceRegistry  : Running the evict task with compensationTime 3ms
2019-11-28 08:42:34.825  INFO 38160 --- [Eureka-EvictionTimer] c.n.e.registry.AbstractInstanceRegistry  : Running the evict task with compensationTime 3ms
