2019-12-01 11:52:45.623  INFO 62234 --- [main] c.e.c.I.CommentIntegrationTest           : The following profiles are active: qa
2019-12-01 11:52:48.248  INFO 62234 --- [main] .s.d.r.c.RepositoryConfigurationDelegate : Bootstrapping Spring Data repositories in DEFAULT mode.
2019-12-01 11:52:48.455  INFO 62234 --- [main] .s.d.r.c.RepositoryConfigurationDelegate : Finished Spring Data repository scanning in 186ms. Found 1 repository interfaces.
2019-12-01 11:52:50.244  INFO 62234 --- [main] o.s.cloud.context.scope.GenericScope     : BeanFactory id=e0795043-91ce-3a26-b2a9-11a54ba5adfa
2019-12-01 11:52:51.484  INFO 62234 --- [main] trationDelegate$BeanPostProcessorChecker : Bean 'org.springframework.transaction.annotation.ProxyTransactionManagementConfiguration' of type [org.springframework.transaction.annotation.ProxyTransactionManagementConfiguration] is not eligible for getting processed by all BeanPostProcessors (for example: not eligible for auto-proxying)
2019-12-01 11:52:51.658  INFO 62234 --- [main] trationDelegate$BeanPostProcessorChecker : Bean 'org.springframework.cloud.autoconfigure.ConfigurationPropertiesRebinderAutoConfiguration' of type [org.springframework.cloud.autoconfigure.ConfigurationPropertiesRebinderAutoConfiguration$$EnhancerBySpringCGLIB$$108150f6] is not eligible for getting processed by all BeanPostProcessors (for example: not eligible for auto-proxying)
2019-12-01 11:52:52.585  INFO 62234 --- [main] com.zaxxer.hikari.HikariDataSource       : HikariPool-1 - Starting...
2019-12-01 11:52:53.408  INFO 62234 --- [main] com.zaxxer.hikari.HikariDataSource       : HikariPool-1 - Start completed.
2019-12-01 11:52:53.671  INFO 62234 --- [main] o.hibernate.jpa.internal.util.LogHelper  : HHH000204: Processing PersistenceUnitInfo [name: default]
2019-12-01 11:52:53.919  INFO 62234 --- [main] org.hibernate.Version                    : HHH000412: Hibernate Core {5.4.8.Final}
2019-12-01 11:52:54.044  INFO 62234 --- [main] o.hibernate.annotations.common.Version   : HCANN000001: Hibernate Commons Annotations {5.1.0.Final}
2019-12-01 11:52:54.338  INFO 62234 --- [main] org.hibernate.dialect.Dialect            : HHH000400: Using dialect: org.hibernate.dialect.H2Dialect
2019-12-01 11:52:56.843  INFO 62234 --- [main] o.h.e.t.j.p.i.JtaPlatformInitiator       : HHH000490: Using JtaPlatform implementation: [org.hibernate.engine.transaction.jta.platform.internal.NoJtaPlatform]
2019-12-01 11:52:56.879  INFO 62234 --- [main] j.LocalContainerEntityManagerFactoryBean : Initialized JPA EntityManagerFactory for persistence unit 'default'
2019-12-01 11:53:00.102  WARN 62234 --- [main] JpaBaseConfiguration$JpaWebConfiguration : spring.jpa.open-in-view is enabled by default. Therefore, database queries may be performed during view rendering. Explicitly configure spring.jpa.open-in-view to disable this warning
2019-12-01 11:53:01.039  WARN 62234 --- [main] o.s.c.n.a.ArchaiusAutoConfiguration      : No spring.application.name found, defaulting to 'application'
2019-12-01 11:53:01.053  WARN 62234 --- [main] c.n.c.sources.URLConfigurationSource     : No URLs will be polled as dynamic configuration sources.
2019-12-01 11:53:01.054  INFO 62234 --- [main] c.n.c.sources.URLConfigurationSource     : To enable URLs as dynamic configuration sources, define System property archaius.configurationSource.additionalUrls or make config.properties available on classpath.
2019-12-01 11:53:01.075  WARN 62234 --- [main] c.n.c.sources.URLConfigurationSource     : No URLs will be polled as dynamic configuration sources.
2019-12-01 11:53:01.075  INFO 62234 --- [main] c.n.c.sources.URLConfigurationSource     : To enable URLs as dynamic configuration sources, define System property archaius.configurationSource.additionalUrls or make config.properties available on classpath.
2019-12-01 11:53:01.728  INFO 62234 --- [main] o.s.s.concurrent.ThreadPoolTaskExecutor  : Initializing ExecutorService 'applicationTaskExecutor'
2019-12-01 11:53:03.151  INFO 62234 --- [main] .s.s.UserDetailsServiceAutoConfiguration : 

Using generated security password: 3f3a019c-a584-41cf-a666-2b718f9d482d

2019-12-01 11:53:03.887  INFO 62234 --- [main] o.s.s.web.DefaultSecurityFilterChain     : Creating filter chain: any request, [org.springframework.security.web.context.request.async.WebAsyncManagerIntegrationFilter@5a9a187b, org.springframework.security.web.context.SecurityContextPersistenceFilter@6c1d25fa, org.springframework.security.web.header.HeaderWriterFilter@5b6637f3, org.springframework.security.web.csrf.CsrfFilter@4ac2b4c6, org.springframework.security.web.authentication.logout.LogoutFilter@7640a191, org.springframework.security.web.authentication.UsernamePasswordAuthenticationFilter@3678f32e, org.springframework.security.web.authentication.ui.DefaultLoginPageGeneratingFilter@6d4bb60f, org.springframework.security.web.authentication.ui.DefaultLogoutPageGeneratingFilter@5529fd4e, org.springframework.security.web.authentication.www.BasicAuthenticationFilter@1926806c, org.springframework.security.web.savedrequest.RequestCacheAwareFilter@7ed6e557, org.springframework.security.web.servletapi.SecurityContextHolderAwareRequestFilter@1ff65426, org.springframework.security.web.authentication.AnonymousAuthenticationFilter@5eaa6f76, org.springframework.security.web.session.SessionManagementFilter@11d474a, org.springframework.security.web.access.ExceptionTranslationFilter@17796f47, org.springframework.security.web.access.intercept.FilterSecurityInterceptor@79bb14d8]
2019-12-01 11:53:04.949  INFO 62234 --- [main] d.s.w.p.DocumentationPluginsBootstrapper : Context refreshed
2019-12-01 11:53:05.017  INFO 62234 --- [main] d.s.w.p.DocumentationPluginsBootstrapper : Found 1 custom documentation plugin(s)
2019-12-01 11:53:05.064  INFO 62234 --- [main] s.d.s.w.s.ApiListingReferenceScanner     : Scanning for api listing references
2019-12-01 11:53:05.820  INFO 62234 --- [main] c.e.c.I.CommentIntegrationTest           : Started CommentIntegrationTest in 22.773 seconds (JVM running for 37.194)
2019-12-01 11:53:07.044  INFO 62234 --- [main] o.s.mock.web.MockServletContext          : Initializing Spring TestDispatcherServlet ''
2019-12-01 11:53:07.044  INFO 62234 --- [main] o.s.t.web.servlet.TestDispatcherServlet  : Initializing Servlet ''
2019-12-01 11:53:07.049  INFO 62234 --- [main] o.s.t.web.servlet.TestDispatcherServlet  : Completed initialization in 0 ms
2019-12-01 11:53:07.168  INFO 62234 --- [main] o.s.mock.web.MockServletContext          : Initializing Spring TestDispatcherServlet ''
2019-12-01 11:53:07.170  INFO 62234 --- [main] o.s.t.web.servlet.TestDispatcherServlet  : Initializing Servlet ''
2019-12-01 11:53:07.171  INFO 62234 --- [main] o.s.t.web.servlet.TestDispatcherServlet  : Completed initialization in 0 ms
2019-12-01 11:53:07.289  INFO 62234 --- [main] o.s.mock.web.MockServletContext          : Initializing Spring TestDispatcherServlet ''
2019-12-01 11:53:07.290  INFO 62234 --- [main] o.s.t.web.servlet.TestDispatcherServlet  : Initializing Servlet ''
2019-12-01 11:53:07.290  INFO 62234 --- [main] o.s.t.web.servlet.TestDispatcherServlet  : Completed initialization in 0 ms
2019-12-01 11:53:07.517  INFO 62234 --- [main] o.s.mock.web.MockServletContext          : Initializing Spring TestDispatcherServlet ''
2019-12-01 11:53:07.518  INFO 62234 --- [main] o.s.t.web.servlet.TestDispatcherServlet  : Initializing Servlet ''
2019-12-01 11:53:07.518  INFO 62234 --- [main] o.s.t.web.servlet.TestDispatcherServlet  : Completed initialization in 0 ms
2019-12-01 11:53:07.567  INFO 62234 --- [main] o.s.mock.web.MockServletContext          : Initializing Spring TestDispatcherServlet ''
2019-12-01 11:53:07.568  INFO 62234 --- [main] o.s.t.web.servlet.TestDispatcherServlet  : Initializing Servlet ''
2019-12-01 11:53:07.568  INFO 62234 --- [main] o.s.t.web.servlet.TestDispatcherServlet  : Completed initialization in 0 ms
2019-12-01 11:53:07.772  INFO 62234 --- [main] o.s.mock.web.MockServletContext          : Initializing Spring TestDispatcherServlet ''
2019-12-01 11:53:07.773  INFO 62234 --- [main] o.s.t.web.servlet.TestDispatcherServlet  : Initializing Servlet ''
2019-12-01 11:53:07.774  INFO 62234 --- [main] o.s.t.web.servlet.TestDispatcherServlet  : Completed initialization in 0 ms
2019-12-01 11:53:07.935  INFO 62234 --- [main] o.s.mock.web.MockServletContext          : Initializing Spring TestDispatcherServlet ''
2019-12-01 11:53:07.936  INFO 62234 --- [main] o.s.t.web.servlet.TestDispatcherServlet  : Initializing Servlet ''
2019-12-01 11:53:07.936  INFO 62234 --- [main] o.s.t.web.servlet.TestDispatcherServlet  : Completed initialization in 0 ms
2019-12-01 11:53:08.003  INFO 62234 --- [main] o.s.mock.web.MockServletContext          : Initializing Spring TestDispatcherServlet ''
2019-12-01 11:53:08.003  INFO 62234 --- [main] o.s.t.web.servlet.TestDispatcherServlet  : Initializing Servlet ''
2019-12-01 11:53:08.003  INFO 62234 --- [main] o.s.t.web.servlet.TestDispatcherServlet  : Completed initialization in 0 ms
2019-12-01 11:53:08.174  INFO 62234 --- [main] .b.t.c.SpringBootTestContextBootstrapper : Neither @ContextConfiguration nor @ContextHierarchy found for test class [com.example.commentapi.CommentApiApplicationTests], using SpringBootContextLoader
2019-12-01 11:53:08.178  INFO 62234 --- [main] o.s.t.c.support.AbstractContextLoader    : Could not detect default resource locations for test class [com.example.commentapi.CommentApiApplicationTests]: no resource found for suffixes {-context.xml, Context.groovy}.
2019-12-01 11:53:08.180  INFO 62234 --- [main] t.c.s.AnnotationConfigContextLoaderUtils : Could not detect default configuration classes for test class [com.example.commentapi.CommentApiApplicationTests]: CommentApiApplicationTests does not declare any static, non-private, non-final, nested classes annotated with @Configuration.
2019-12-01 11:53:08.211  INFO 62234 --- [main] .b.t.c.SpringBootTestContextBootstrapper : Found @SpringBootConfiguration com.example.commentapi.CommentApiApplication for test class com.example.commentapi.CommentApiApplicationTests
2019-12-01 11:53:08.216  INFO 62234 --- [main] .b.t.c.SpringBootTestContextBootstrapper : Loaded default TestExecutionListener class names from location [META-INF/spring.factories]: [org.springframework.boot.test.mock.mockito.MockitoTestExecutionListener, org.springframework.boot.test.mock.mockito.ResetMocksTestExecutionListener, org.springframework.boot.test.autoconfigure.restdocs.RestDocsTestExecutionListener, org.springframework.boot.test.autoconfigure.web.client.MockRestServiceServerResetTestExecutionListener, org.springframework.boot.test.autoconfigure.web.servlet.MockMvcPrintOnlyOnFailureTestExecutionListener, org.springframework.boot.test.autoconfigure.web.servlet.WebDriverTestExecutionListener, org.springframework.test.context.web.ServletTestExecutionListener, org.springframework.test.context.support.DirtiesContextBeforeModesTestExecutionListener, org.springframework.test.context.support.DependencyInjectionTestExecutionListener, org.springframework.test.context.support.DirtiesContextTestExecutionListener, org.springframework.test.context.transaction.TransactionalTestExecutionListener, org.springframework.test.context.jdbc.SqlScriptsTestExecutionListener, org.springframework.test.context.event.EventPublishingTestExecutionListener, org.springframework.security.test.context.support.WithSecurityContextTestExecutionListener, org.springframework.security.test.context.support.ReactorContextTestExecutionListener]
2019-12-01 11:53:08.220  INFO 62234 --- [main] .b.t.c.SpringBootTestContextBootstrapper : Using TestExecutionListeners: [org.springframework.test.context.web.ServletTestExecutionListener@c9ba9e2, org.springframework.test.context.support.DirtiesContextBeforeModesTestExecutionListener@1a18e18d, org.springframework.boot.test.mock.mockito.MockitoTestExecutionListener@5b628249, org.springframework.boot.test.autoconfigure.SpringBootDependencyInjectionTestExecutionListener@727eae52, org.springframework.test.context.support.DirtiesContextTestExecutionListener@237bdd46, org.springframework.test.context.transaction.TransactionalTestExecutionListener@7e32442d, org.springframework.test.context.jdbc.SqlScriptsTestExecutionListener@310df168, org.springframework.test.context.event.EventPublishingTestExecutionListener@3606c525, org.springframework.security.test.context.support.WithSecurityContextTestExecutionListener@4b6abf4e, org.springframework.security.test.context.support.ReactorContextTestExecutionListener@27959922, org.springframework.boot.test.mock.mockito.ResetMocksTestExecutionListener@794daa09, org.springframework.boot.test.autoconfigure.restdocs.RestDocsTestExecutionListener@796267e8, org.springframework.boot.test.autoconfigure.web.client.MockRestServiceServerResetTestExecutionListener@676c3745, org.springframework.boot.test.autoconfigure.web.servlet.MockMvcPrintOnlyOnFailureTestExecutionListener@6cbbfe03, org.springframework.boot.test.autoconfigure.web.servlet.WebDriverTestExecutionListener@78b20c7f]
2019-12-01 11:53:08.485  INFO 62234 --- [main] c.e.c.CommentApiApplicationTests         : The following profiles are active: local
2019-12-01 11:53:09.461  INFO 62234 --- [main] .s.d.r.c.RepositoryConfigurationDelegate : Bootstrapping Spring Data repositories in DEFAULT mode.
2019-12-01 11:53:09.480  INFO 62234 --- [main] .s.d.r.c.RepositoryConfigurationDelegate : Finished Spring Data repository scanning in 19ms. Found 1 repository interfaces.
2019-12-01 11:53:09.905  INFO 62234 --- [main] o.s.cloud.context.scope.GenericScope     : BeanFactory id=e0795043-91ce-3a26-b2a9-11a54ba5adfa
2019-12-01 11:53:10.097  INFO 62234 --- [main] trationDelegate$BeanPostProcessorChecker : Bean 'org.springframework.transaction.annotation.ProxyTransactionManagementConfiguration' of type [org.springframework.transaction.annotation.ProxyTransactionManagementConfiguration] is not eligible for getting processed by all BeanPostProcessors (for example: not eligible for auto-proxying)
2019-12-01 11:53:10.185  INFO 62234 --- [main] trationDelegate$BeanPostProcessorChecker : Bean 'org.springframework.cloud.autoconfigure.ConfigurationPropertiesRebinderAutoConfiguration' of type [org.springframework.cloud.autoconfigure.ConfigurationPropertiesRebinderAutoConfiguration$$EnhancerBySpringCGLIB$$108150f6] is not eligible for getting processed by all BeanPostProcessors (for example: not eligible for auto-proxying)
2019-12-01 11:53:10.554  INFO 62234 --- [main] o.hibernate.jpa.internal.util.LogHelper  : HHH000204: Processing PersistenceUnitInfo [name: default]
2019-12-01 11:53:10.593  INFO 62234 --- [main] org.hibernate.dialect.Dialect            : HHH000400: Using dialect: org.hibernate.dialect.PostgreSQLDialect
2019-12-01 11:53:10.658  INFO 62234 --- [main] com.zaxxer.hikari.HikariDataSource       : HikariPool-2 - Starting...
2019-12-01 11:53:11.193  INFO 62234 --- [main] com.zaxxer.hikari.HikariDataSource       : HikariPool-2 - Start completed.
2019-12-01 11:53:11.377  INFO 62234 --- [main] o.h.e.t.j.p.i.JtaPlatformInitiator       : HHH000490: Using JtaPlatform implementation: [org.hibernate.engine.transaction.jta.platform.internal.NoJtaPlatform]
2019-12-01 11:53:11.378  INFO 62234 --- [main] j.LocalContainerEntityManagerFactoryBean : Initialized JPA EntityManagerFactory for persistence unit 'default'
2019-12-01 11:53:12.272  WARN 62234 --- [main] JpaBaseConfiguration$JpaWebConfiguration : spring.jpa.open-in-view is enabled by default. Therefore, database queries may be performed during view rendering. Explicitly configure spring.jpa.open-in-view to disable this warning
2019-12-01 11:53:12.789  WARN 62234 --- [main] o.s.c.n.a.ArchaiusAutoConfiguration      : Netflix ConfigurationManager has already been installed, unable to re-install
2019-12-01 11:53:13.084  INFO 62234 --- [main] o.s.s.concurrent.ThreadPoolTaskExecutor  : Initializing ExecutorService 'applicationTaskExecutor'
2019-12-01 11:53:13.716  INFO 62234 --- [main] .s.s.UserDetailsServiceAutoConfiguration : 

Using generated security password: bfc7cbc2-b459-4288-a222-536161dd3bd3

2019-12-01 11:53:14.044  INFO 62234 --- [main] o.s.s.web.DefaultSecurityFilterChain     : Creating filter chain: any request, [org.springframework.security.web.context.request.async.WebAsyncManagerIntegrationFilter@2c05ccdb, org.springframework.security.web.context.SecurityContextPersistenceFilter@2338c3f9, org.springframework.security.web.header.HeaderWriterFilter@7dcfe455, org.springframework.security.web.csrf.CsrfFilter@4e387da1, org.springframework.security.web.authentication.logout.LogoutFilter@60e83cb9, org.springframework.security.web.authentication.UsernamePasswordAuthenticationFilter@2574123a, org.springframework.security.web.authentication.ui.DefaultLoginPageGeneratingFilter@7ba0c0e5, org.springframework.security.web.authentication.ui.DefaultLogoutPageGeneratingFilter@5d71813b, org.springframework.security.web.authentication.www.BasicAuthenticationFilter@1bc467bd, org.springframework.security.web.savedrequest.RequestCacheAwareFilter@5435582e, org.springframework.security.web.servletapi.SecurityContextHolderAwareRequestFilter@56daf3b1, org.springframework.security.web.authentication.AnonymousAuthenticationFilter@5891bd6d, org.springframework.security.web.session.SessionManagementFilter@2e6066e1, org.springframework.security.web.access.ExceptionTranslationFilter@55145dc5, org.springframework.security.web.access.intercept.FilterSecurityInterceptor@34a8a5ad]
2019-12-01 11:53:14.729  INFO 62234 --- [main] d.s.w.p.DocumentationPluginsBootstrapper : Context refreshed
2019-12-01 11:53:14.731  INFO 62234 --- [main] d.s.w.p.DocumentationPluginsBootstrapper : Found 1 custom documentation plugin(s)
2019-12-01 11:53:14.735  INFO 62234 --- [main] s.d.s.w.s.ApiListingReferenceScanner     : Scanning for api listing references
2019-12-01 11:53:14.961  INFO 62234 --- [main] c.e.c.CommentApiApplicationTests         : Started CommentApiApplicationTests in 6.719 seconds (JVM running for 46.335)
2019-12-01 11:53:15.122  INFO 62234 --- [SpringContextShutdownHook] o.s.c.n.eureka.InstanceInfoFactory       : Setting initial instance status as: STARTING
2019-12-01 11:53:15.122  INFO 62234 --- [SpringContextShutdownHook] o.s.c.n.eureka.InstanceInfoFactory       : Setting initial instance status as: STARTING
2019-12-01 11:53:15.132  INFO 62234 --- [SpringContextShutdownHook] o.s.c.n.e.s.EurekaServiceRegistry        : Unregistering application UNKNOWN with eureka with status DOWN
2019-12-01 11:53:15.132  INFO 62234 --- [SpringContextShutdownHook] o.s.c.n.e.s.EurekaServiceRegistry        : Unregistering application COMMENT with eureka with status DOWN
2019-12-01 11:53:15.156  INFO 62234 --- [SpringContextShutdownHook] o.s.s.concurrent.ThreadPoolTaskExecutor  : Shutting down ExecutorService 'applicationTaskExecutor'
2019-12-01 11:53:15.159  INFO 62234 --- [SpringContextShutdownHook] o.s.s.concurrent.ThreadPoolTaskExecutor  : Shutting down ExecutorService 'applicationTaskExecutor'
2019-12-01 11:53:15.172  INFO 62234 --- [SpringContextShutdownHook] j.LocalContainerEntityManagerFactoryBean : Closing JPA EntityManagerFactory for persistence unit 'default'
2019-12-01 11:53:15.172  INFO 62234 --- [SpringContextShutdownHook] j.LocalContainerEntityManagerFactoryBean : Closing JPA EntityManagerFactory for persistence unit 'default'
2019-12-01 11:53:15.173  INFO 62234 --- [SpringContextShutdownHook] .SchemaDropperImpl$DelayedDropActionImpl : HHH000477: Starting delayed evictData of schema as part of SessionFactory shut-down'
2019-12-01 11:53:15.178  INFO 62234 --- [SpringContextShutdownHook] com.zaxxer.hikari.HikariDataSource       : HikariPool-2 - Shutdown initiated...
2019-12-01 11:53:15.187  INFO 62234 --- [SpringContextShutdownHook] com.zaxxer.hikari.HikariDataSource       : HikariPool-2 - Shutdown completed.
2019-12-01 11:53:15.194  INFO 62234 --- [SpringContextShutdownHook] com.zaxxer.hikari.HikariDataSource       : HikariPool-1 - Shutdown initiated...
2019-12-01 11:53:15.198  INFO 62234 --- [SpringContextShutdownHook] com.zaxxer.hikari.HikariDataSource       : HikariPool-1 - Shutdown completed.
